[html.themewant.com/studykids/index-four.html]
[backblue.gif]
[fade.gif]
[index.html]
[html.themewant.com/studykids/assets/images/fav.png]
[html.themewant.com/studykids/assets/css/plugins/swiper.min.css]
[html.themewant.com/studykids/assets/css/plugins/fontawesome-6.css]
[html.themewant.com/studykids/assets/css/vendor/magnific-popup.css]
[html.themewant.com/studykids/assets/css/vendor/bootstrap.min.css]
[html.themewant.com/studykids/assets/css/vendor/jquery-ui.css]
[html.themewant.com/studykids/assets/css/vendor/metismenu.css]
[html.themewant.com/studykids/assets/css/style.css]
[html.themewant.com/studykids/index.html]
[html.themewant.com/studykids/assets/images/logo/logo-1.svg]
[html.themewant.com/studykids/index-two.html]
[html.themewant.com/studykids/index-three.html]
[html.themewant.com/studykids/about.html]
[html.themewant.com/studykids/team.html]
[html.themewant.com/studykids/team-details.html]
[html.themewant.com/studykids/event.html]
[html.themewant.com/studykids/event-details.html]
[html.themewant.com/studykids/program-details.html]
[html.themewant.com/studykids/pricing.html]
[html.themewant.com/studykids/pricing-two.html]
[html.themewant.com/studykids/course.html]
[html.themewant.com/studykids/course-details.html]
[html.themewant.com/studykids/blog.html]
[html.themewant.com/studykids/blog-grid.html]
[html.themewant.com/studykids/blog-list.html]
[html.themewant.com/studykids/blog-right-sidebar.html]
[html.themewant.com/studykids/blog-left-sidebar.html]
[html.themewant.com/studykids/blog-details.html]
[html.themewant.com/studykids/contact.html]
[html.themewant.com/studykids/registration.html]
[html.themewant.com/studykids/assets/images/banner/rainbow.svg]
[html.themewant.com/studykids/assets/images/about/about-04.png]
[html.themewant.com/studykids/assets/images/banner/title-img.svg]
[html.themewant.com/studykids/assets/images/icon/32.svg]
[html.themewant.com/studykids/assets/images/icon/33.svg]
[html.themewant.com/studykids/assets/images/banner/shape/08.svg]
[html.themewant.com/studykids/assets/images/banner/shape/09.svg]
[html.themewant.com/studykids/assets/images/banner/shape/10.svg]
[html.themewant.com/studykids/assets/images/course/24.jpg]
[html.themewant.com/studykids/assets/images/icon/34.svg]
[html.themewant.com/studykids/assets/images/course/25.jpg]
[html.themewant.com/studykids/assets/images/icon/35.svg]
[html.themewant.com/studykids/assets/images/course/26.jpg]
[html.themewant.com/studykids/assets/images/icon/36.svg]
[html.themewant.com/studykids/assets/images/icon/37.svg]
[html.themewant.com/studykids/assets/images/icon/38.svg]
[html.themewant.com/studykids/assets/images/icon/39.svg]
[html.themewant.com/studykids/assets/images/icon/40.svg]
[html.themewant.com/studykids/assets/images/icon/41.svg]
[html.themewant.com/studykids/assets/images/icon/42.svg]
[html.themewant.com/studykids/assets/images/service/service-05.png]
[html.themewant.com/studykids/assets/images/icon/round-shape.svg]
[html.themewant.com/studykids/assets/images/icon/play.svg]
[html.themewant.com/studykids/assets/images/events/events-01.jpg]
[html.themewant.com/studykids/assets/images/events/calender.svg]
[html.themewant.com/studykids/assets/images/events/events-02.jpg]
[html.themewant.com/studykids/assets/images/events/events-03.jpg]
[html.themewant.com/studykids/assets/images/events/events-04.jpg]
[html.themewant.com/studykids/assets/images/students-feedback/20.png]
[html.themewant.com/studykids/assets/images/icon/quote.svg]
[html.themewant.com/studykids/assets/images/icon/26.svg]
[html.themewant.com/studykids/assets/images/icon/27.svg]
[html.themewant.com/studykids/assets/images/icon/28.svg]
[html.themewant.com/studykids/assets/images/icon/29.svg]
[html.themewant.com/studykids/assets/images/students-feedback/21.png]
[html.themewant.com/studykids/assets/images/students-feedback/22.png]
[html.themewant.com/studykids/assets/images/course/20.jpg]
[html.themewant.com/studykids/assets/images/course/21.jpg]
[html.themewant.com/studykids/assets/images/course/22.jpg]
[html.themewant.com/studykids/assets/images/course/23.jpg]
[html.themewant.com/studykids/assets/images/blog/blog-04.jpg]
[html.themewant.com/studykids/assets/images/icon/30.svg]
[html.themewant.com/studykids/assets/images/icon/31.svg]
[html.themewant.com/studykids/assets/images/blog/blog-05.jpg]
[html.themewant.com/studykids/assets/images/blog/blog-06.jpg]
[html.themewant.com/studykids/zoom-meeting.html]
[html.themewant.com/studykids/assets/images/blog/blog-07.jpg]
[html.themewant.com/studykids/assets/images/blog/blog-08.jpg]
[html.themewant.com/studykids/assets/images/banner/shape/23.svg]
[html.themewant.com/studykids/assets/images/banner/shape/02.svg]
[html.themewant.com/studykids/assets/images/banner/shape/24.svg]
[html.themewant.com/studykids/assets/js/vendor/jquery.min.js]
[html.themewant.com/studykids/assets/js/vendor/jquery-ui.js]
[html.themewant.com/studykids/assets/js/vendor/metismenu.js]
[html.themewant.com/studykids/assets/js/vendor/magnifying-popup.js]
[html.themewant.com/studykids/assets/js/plugins/swiper.js]
[html.themewant.com/studykids/assets/js/plugins/counterup.js]
[html.themewant.com/studykids/assets/js/vendor/waypoint.js]
[html.themewant.com/studykids/assets/js/vendor/waw.js]
[html.themewant.com/studykids/assets/js/plugins/isotop.js]
[html.themewant.com/studykids/assets/js/plugins/imagesloaded.pkgd.min.js]
[html.themewant.com/studykids/assets/js/plugins/resizer-sensor.js]
[html.themewant.com/studykids/assets/js/plugins/sticky-sidebar.js]
[html.themewant.com/studykids/assets/js/plugins/twinmax.js]
[html.themewant.com/studykids/assets/js/vendor/chroma.min.js]
[html.themewant.com/studykids/assets/js/plugins/bootstrap.min.js]
[html.themewant.com/studykids/assets/js/plugins/contact.form.js]
[html.themewant.com/studykids/assets/js/plugins/calender.js]
[html.themewant.com/studykids/assets/js/main.js]
[html.themewant.com/studykids/index-four.html]
[html.themewant.com/studykids/assets/fonts/fa-brands-400.woff2]
[html.themewant.com/studykids/assets/fonts/fa-brands-400.ttf]
[html.themewant.com/studykids/assets/fonts/fa-duotone-900.woff2]
[html.themewant.com/studykids/assets/fonts/fa-duotone-900.ttf]
[html.themewant.com/studykids/assets/fonts/fa-light-300.woff2]
[html.themewant.com/studykids/assets/fonts/fa-regular-400.woff2]
[html.themewant.com/studykids/assets/fonts/fa-light-300.ttf]
[html.themewant.com/studykids/assets/fonts/fa-solid-900.woff2]
[html.themewant.com/studykids/assets/fonts/fa-thin-100.woff2]
[html.themewant.com/studykids/assets/fonts/fa-solid-900.ttf]
[html.themewant.com/studykids/assets/fonts/fa-v4compatibility.woff2]
[html.themewant.com/studykids/assets/fonts/fa-thin-100.ttf]
[html.themewant.com/studykids/assets/fonts/fa-v4compatibility.ttf]
[html.themewant.com/studykids/assets/css/plugins/fontawesome-6.css]
[html.themewant.com/studykids/assets/css/plugins/swiper.min.css]
[html.themewant.com/studykids/assets/css/vendor/magnific-popup.css]
[html.themewant.com/studykids/assets/css/vendor/bootstrap.min.css]
[html.themewant.com/studykids/assets/fonts/fa-regular-400.ttf]
[html.themewant.com/studykids/assets/css/vendor/images/ui-icons_444444_256x240.png]
[html.themewant.com/studykids/assets/css/vendor/images/ui-icons_555555_256x240.png]
[html.themewant.com/studykids/assets/css/vendor/images/ui-icons_ffffff_256x240.png]
[html.themewant.com/studykids/assets/css/vendor/images/ui-icons_777620_256x240.png]
[html.themewant.com/studykids/assets/css/vendor/images/ui-icons_cc0000_256x240.png]
[html.themewant.com/studykids/assets/css/vendor/images/ui-icons_777777_256x240.png]
[html.themewant.com/studykids/assets/css/vendor/jquery-ui.css]
[html.themewant.com/studykids/assets/css/vendor/metismenu.css]
[html.themewant.com/studykids/assets/images/banner/bg-grid.png]
[html.themewant.com/studykids/assets/images/banner/banner-bg-3.jpg]
[html.themewant.com/studykids/assets/images/banner/banner-bg-4.jpg]
[html.themewant.com/studykids/assets/images/banner/banner-bg-5.jpg]
[html.themewant.com/studykids/assets/images/banner/banner-bg-7.jpg]
[html.themewant.com/studykids/assets/images/banner/banner-bg-8.jpg]
[html.themewant.com/studykids/assets/images/banner/banner-bg-9.jpg]
[html.themewant.com/studykids/assets/images/banner/banner-bg-6.jpg]
[html.themewant.com/studykids/assets/images/banner/breadcrumb-bg.jpg]
[html.themewant.com/studykids/assets/images/banner/counter-bg.jpg]
[html.themewant.com/studykids/assets/images/banner/shape/close.png]
[html.themewant.com/studykids/assets/images/banner/video-bg.jpg]
[html.themewant.com/studykids/assets/css/style.css]
[html.themewant.com/studykids/assets/images/banner/title-shape-1.svg]
[html.themewant.com/studykids/assets/images/banner/play.svg]
[html.themewant.com/studykids/assets/images/banner/01.png]
[html.themewant.com/studykids/assets/images/banner/banner-bg-1.png]
[html.themewant.com/studykids/assets/images/banner/shape/01.svg]
[html.themewant.com/studykids/assets/images/banner/shape/03.svg]
[html.themewant.com/studykids/assets/images/banner/shape/04.svg]
[html.themewant.com/studykids/assets/images/banner/shape/05.svg]
[html.themewant.com/studykids/assets/images/banner/shape/06.svg]
[html.themewant.com/studykids/assets/images/banner/shape/07.svg]
[html.themewant.com/studykids/assets/images/about/about-01.png]
[html.themewant.com/studykids/assets/images/icon/01.svg]
[html.themewant.com/studykids/assets/images/icon/02.svg]
[html.themewant.com/studykids/assets/images/icon/03.svg]
[html.themewant.com/studykids/assets/images/banner/blink.svg]
[html.themewant.com/studykids/assets/images/icon/04.svg]
[html.themewant.com/studykids/assets/images/icon/05.svg]
[html.themewant.com/studykids/assets/images/icon/06.svg]
[html.themewant.com/studykids/assets/images/course/01.jpg]
[html.themewant.com/studykids/assets/images/course/02.jpg]
[html.themewant.com/studykids/assets/images/course/03.jpg]
[html.themewant.com/studykids/assets/images/banner/banner-bg-2.png]
[html.themewant.com/studykids/assets/images/banner/shape/11.svg]
[html.themewant.com/studykids/assets/images/banner/shape/12.svg]
[html.themewant.com/studykids/assets/images/icon/07.svg]
[html.themewant.com/studykids/assets/images/icon/08.svg]
[html.themewant.com/studykids/assets/images/icon/09.svg]
[html.themewant.com/studykids/assets/images/icon/10.svg]
[html.themewant.com/studykids/assets/images/icon/11.svg]
[html.themewant.com/studykids/assets/images/course/04.jpg]
[html.themewant.com/studykids/assets/images/icon/12.svg]
[html.themewant.com/studykids/assets/images/icon/13.svg]
[html.themewant.com/studykids/assets/images/course/author-01.png]
[html.themewant.com/studykids/assets/images/course/05.jpg]
[html.themewant.com/studykids/assets/images/course/author-02.png]
[html.themewant.com/studykids/assets/images/course/06.jpg]
[html.themewant.com/studykids/assets/images/course/author-03.png]
[html.themewant.com/studykids/assets/images/course/07.jpg]
[html.themewant.com/studykids/assets/images/course/author-04.png]
[html.themewant.com/studykids/assets/images/instructor/01.jpg]
[html.themewant.com/studykids/assets/images/instructor/social-01.svg]
[html.themewant.com/studykids/assets/images/instructor/social-02.svg]
[html.themewant.com/studykids/assets/images/instructor/social-03.svg]
[html.themewant.com/studykids/assets/images/instructor/social-04.svg]
[html.themewant.com/studykids/assets/images/instructor/02.jpg]
[html.themewant.com/studykids/assets/images/instructor/03.jpg]
[html.themewant.com/studykids/assets/images/events/01.png]
[html.themewant.com/studykids/assets/images/events/event-blink.svg]
[html.themewant.com/studykids/assets/images/brand/01.svg]
[html.themewant.com/studykids/assets/images/brand/02.svg]
[html.themewant.com/studykids/assets/images/brand/03.svg]
[html.themewant.com/studykids/assets/images/brand/04.svg]
[html.themewant.com/studykids/assets/images/brand/05.svg]
[html.themewant.com/studykids/assets/images/brand/06.svg]
[html.themewant.com/studykids/assets/images/banner/shape/13.svg]
[html.themewant.com/studykids/assets/images/banner/shape/14.svg]
[html.themewant.com/studykids/assets/images/banner/shape/15.svg]
[html.themewant.com/studykids/assets/images/blog/blog-01.jpg]
[html.themewant.com/studykids/assets/images/icon/14.svg]
[html.themewant.com/studykids/assets/images/icon/15.svg]
[html.themewant.com/studykids/assets/images/blog/blog-02.jpg]
[html.themewant.com/studykids/assets/images/blog/blog-03.jpg]
[html.themewant.com/studykids/index.html]
[html.themewant.com/studykids/assets/images/logo/logo-1.svg]
[html.themewant.com/studykids/assets/images/banner/shape/16.svg]
[html.themewant.com/studykids/assets/images/banner/shape/17.svg]
[html.themewant.com/studykids/assets/images/banner/shape/18.svg]
[html.themewant.com/studykids/assets/images/icon/21.svg]
[html.themewant.com/studykids/assets/images/about/about-02.png]
[html.themewant.com/studykids/assets/images/banner/shape/25.svg]
[html.themewant.com/studykids/assets/images/banner/shape/26.svg]
[html.themewant.com/studykids/assets/images/banner/shape/27.svg]
[html.themewant.com/studykids/assets/images/banner/shape/28.svg]
[html.themewant.com/studykids/assets/images/banner/shape/29.svg]
[html.themewant.com/studykids/assets/images/course/08.jpg]
[html.themewant.com/studykids/assets/images/course/09.jpg]
[html.themewant.com/studykids/assets/images/course/10.jpg]
[html.themewant.com/studykids/assets/images/course/11.jpg]
[html.themewant.com/studykids/assets/images/course/12.jpg]
[html.themewant.com/studykids/assets/images/course/13.jpg]
[html.themewant.com/studykids/assets/images/course/14.jpg]
[html.themewant.com/studykids/assets/images/course/15.jpg]
[html.themewant.com/studykids/assets/images/course/16.jpg]
[html.themewant.com/studykids/assets/images/course/17.jpg]
[html.themewant.com/studykids/assets/images/banner/shape/19.svg]
[html.themewant.com/studykids/assets/images/banner/shape/20.svg]
[html.themewant.com/studykids/assets/images/banner/shape/21.svg]
[html.themewant.com/studykids/assets/images/course/18.jpg]
[html.themewant.com/studykids/assets/images/course/19.jpg]
[html.themewant.com/studykids/index-two.html]
[html.themewant.com/studykids/assets/images/banner/shape/22.svg]
[html.themewant.com/studykids/assets/images/banner/02.png]
[html.themewant.com/studykids/assets/images/banner/shape/banner-shape04.png]
[html.themewant.com/studykids/assets/images/banner/blink-2.svg]
[html.themewant.com/studykids/assets/images/banner/flower.svg]
[html.themewant.com/studykids/assets/images/banner/03.png]
[html.themewant.com/studykids/assets/images/banner/04.png]
[html.themewant.com/studykids/assets/images/about/about-bg.png]
[html.themewant.com/studykids/assets/images/about/about-03.jpg]
[html.themewant.com/studykids/assets/images/about/shape-01.png]
[html.themewant.com/studykids/assets/images/about/01.svg]
[html.themewant.com/studykids/assets/images/about/02.svg]
[html.themewant.com/studykids/assets/images/about/03.svg]
[html.themewant.com/studykids/assets/images/service/service-01.png]
[html.themewant.com/studykids/assets/images/service/shape-01.svg]
[html.themewant.com/studykids/assets/images/service/service-02.png]
[html.themewant.com/studykids/assets/images/service/shape-02.svg]
[html.themewant.com/studykids/assets/images/service/service-03.png]
[html.themewant.com/studykids/assets/images/service/shape-03.svg]
[html.themewant.com/studykids/assets/images/service/service-04.png]
[html.themewant.com/studykids/assets/images/service/shape-04.svg]
[html.themewant.com/studykids/assets/images/about/pricing-bg-01.png]
[html.themewant.com/studykids/assets/images/about/04.svg]
[html.themewant.com/studykids/assets/images/about/pricing-bg-02.png]
[html.themewant.com/studykids/assets/images/about/05.svg]
[html.themewant.com/studykids/assets/images/about/pricing-bg-03.png]
[html.themewant.com/studykids/assets/images/about/06.svg]
[html.themewant.com/studykids/assets/images/banner/shape/30.svg]
[html.themewant.com/studykids/assets/images/banner/shape/31.svg]
[html.themewant.com/studykids/assets/images/icon/22.png]
[html.themewant.com/studykids/assets/images/icon/23.png]
[html.themewant.com/studykids/assets/images/icon/24.png]
[html.themewant.com/studykids/assets/images/icon/25.png]
[html.themewant.com/studykids/assets/images/course/author-05.png]
[html.themewant.com/studykids/assets/images/instructor/social-05.svg]
[html.themewant.com/studykids/assets/images/instructor/social-06.svg]
[html.themewant.com/studykids/assets/images/instructor/social-07.svg]
[html.themewant.com/studykids/assets/images/instructor/social-08.svg]
[html.themewant.com/studykids/index-three.html]
[html.themewant.com/studykids/assets/images/about/about-author.png]
[html.themewant.com/studykids/course-two.html]
[html.themewant.com/studykids/become-instructor.html]
[html.themewant.com/studykids/about.html]
[html.themewant.com/studykids/assets/images/instructor/04.jpg]
[html.themewant.com/studykids/assets/images/instructor/05.jpg]
[html.themewant.com/studykids/assets/images/instructor/06.jpg]
[html.themewant.com/studykids/team.html]
[html.themewant.com/studykids/call-to_1215224225]
[html.themewant.com/studykids/mail-to_studykids@info.com]
[html.themewant.com/studykids/team-details.html]
[html.themewant.com/studykids/event.html]
[html.themewant.com/studykids/assets/images/about/about-05.jpg]
[html.themewant.com/studykids/event-details.html]
[html.themewant.com/studykids/program-details.html]
[html.themewant.com/studykids/pricing.html]
[html.themewant.com/studykids/pricing-two.html]
[html.themewant.com/studykids/course.html]
[html.themewant.com/studykids/assets/images/course/27.jpg]
[html.themewant.com/studykids/assets/images/course/28.jpg]
[html.themewant.com/studykids/assets/images/course/29.jpg]
[html.themewant.com/studykids/assets/images/course/author-06.png]
[html.themewant.com/studykids/course-details.html]
[html.themewant.com/studykids/blog.html]
[html.themewant.com/studykids/Instructor.html]
[html.themewant.com/studykids/blog-grid.html]
[html.themewant.com/studykids/blog-list.html]
[html.themewant.com/studykids/blog-right-sidebar.html]
[html.themewant.com/studykids/blog-left-sidebar.html]
[html.themewant.com/studykids/assets/images/students-feedback/01.jpg]
[html.themewant.com/studykids/blog-details.html]
[html.themewant.com/studykids/assets/images/icon/phone.svg]
[html.themewant.com/studykids/call-to_0123456789]
[html.themewant.com/studykids/assets/images/icon/mail.svg]
[html.themewant.com/studykids/mail-to_info@studyhub.com]
[html.themewant.com/studykids/contact.html]
[html.themewant.com/studykids/registration.html]
[html.themewant.com/studykids/assets/images/banner/rainbow.svg]
[html.themewant.com/studykids/assets/images/banner/title-img.svg]
[html.themewant.com/studykids/assets/images/icon/32.svg]
[html.themewant.com/studykids/assets/images/icon/33.svg]
[html.themewant.com/studykids/assets/images/banner/shape/08.svg]
[html.themewant.com/studykids/assets/images/banner/shape/09.svg]
[html.themewant.com/studykids/assets/images/banner/shape/10.svg]
[html.themewant.com/studykids/assets/images/icon/34.svg]
[html.themewant.com/studykids/assets/images/icon/35.svg]
[html.themewant.com/studykids/assets/images/icon/36.svg]
[html.themewant.com/studykids/assets/images/icon/37.svg]
[html.themewant.com/studykids/assets/images/icon/38.svg]
[html.themewant.com/studykids/assets/images/icon/39.svg]
[html.themewant.com/studykids/assets/images/icon/40.svg]
[html.themewant.com/studykids/assets/images/icon/41.svg]
[html.themewant.com/studykids/assets/images/icon/42.svg]
[html.themewant.com/studykids/assets/images/icon/round-shape.svg]
[html.themewant.com/studykids/assets/images/icon/play.svg]
[html.themewant.com/studykids/assets/images/events/calender.html]
[html.themewant.com/studykids/assets/images/icon/quote.svg]
[html.themewant.com/studykids/assets/images/icon/26.svg]
[html.themewant.com/studykids/assets/images/icon/27.svg]
[html.themewant.com/studykids/assets/images/icon/28.svg]
[html.themewant.com/studykids/assets/images/icon/29.svg]
[html.themewant.com/studykids/assets/images/icon/30.svg]
[html.themewant.com/studykids/assets/images/icon/31.svg]
[html.themewant.com/studykids/zoom-meeting.html]
[html.themewant.com/studykids/assets/images/banner/shape/23.svg]
[html.themewant.com/studykids/assets/images/banner/shape/02.svg]
[html.themewant.com/studykids/assets/images/banner/shape/24.svg]
[html.themewant.com/studykids/assets/js/vendor/jquery.min.js]
[html.themewant.com/studykids/assets/js/vendor/jquery-ui.js]
[html.themewant.com/studykids/assets/js/vendor/metismenu.js]
[html.themewant.com/studykids/assets/js/vendor/magnifying-popup.js]
[html.themewant.com/studykids/assets/js/plugins/swiper.js]
[html.themewant.com/studykids/assets/js/plugins/counterup.js]
[html.themewant.com/studykids/assets/js/vendor/waypoint.js]
[html.themewant.com/studykids/assets/js/vendor/waw.js]
[html.themewant.com/studykids/assets/js/plugins/isotop.js]
[html.themewant.com/studykids/assets/js/plugins/imagesloaded.pkgd.min.js]
[html.themewant.com/studykids/assets/js/plugins/resizer-sensor.js]
[html.themewant.com/studykids/assets/js/plugins/sticky-sidebar.js]
[html.themewant.com/studykids/assets/js/plugins/twinmax.js]
[html.themewant.com/studykids/unsupported value for Color.set]
[html.themewant.com/studykids/assets/js/vendor/chroma.min.js]
[html.themewant.com/studykids/assets/js/plugins/bootstrap.min.js]
[html.themewant.com/studykids/assets/js/plugins/contact.form.js]
[html.themewant.com/studykids/assets/js/plugins/calender.js]
[html.themewant.com/studykids/assets/js/main.js]
[html.themewant.com/studykids/assets/css/vendor/images/ui-icons_444444_256x240.html]
[html.themewant.com/studykids/assets/css/vendor/images/ui-icons_555555_256x240.html]
[html.themewant.com/studykids/assets/css/vendor/images/ui-icons_ffffff_256x240.html]
[html.themewant.com/studykids/assets/css/vendor/images/ui-icons_777620_256x240.html]
[html.themewant.com/studykids/assets/css/vendor/images/ui-icons_cc0000_256x240.html]
[html.themewant.com/studykids/assets/css/vendor/images/ui-icons_777777_256x240.html]
[html.themewant.com/studykids/assets/images/header/01.svg]
[html.themewant.com/studykids/assets/images/banner/title-shape-1.svg]
[html.themewant.com/studykids/assets/images/banner/play.svg]
[html.themewant.com/studykids/assets/images/banner/shape/01.svg]
[html.themewant.com/studykids/assets/images/banner/shape/03.svg]
[html.themewant.com/studykids/assets/images/banner/shape/04.svg]
[html.themewant.com/studykids/assets/images/banner/shape/05.svg]
[html.themewant.com/studykids/assets/images/banner/shape/06.svg]
[html.themewant.com/studykids/assets/images/banner/shape/07.svg]
[html.themewant.com/studykids/assets/images/icon/01.svg]
[html.themewant.com/studykids/assets/images/icon/02.svg]
[html.themewant.com/studykids/assets/images/icon/03.svg]
[html.themewant.com/studykids/assets/images/banner/blink.svg]
[html.themewant.com/studykids/assets/images/icon/04.svg]
[html.themewant.com/studykids/assets/images/icon/05.svg]
[html.themewant.com/studykids/assets/images/icon/06.svg]
[html.themewant.com/studykids/assets/images/banner/shape/11.svg]
[html.themewant.com/studykids/assets/images/banner/shape/12.svg]
[html.themewant.com/studykids/assets/images/icon/07.svg]
[html.themewant.com/studykids/assets/images/icon/08.svg]
[html.themewant.com/studykids/assets/images/icon/09.svg]
[html.themewant.com/studykids/assets/images/icon/10.svg]
[html.themewant.com/studykids/assets/images/icon/11.svg]
[html.themewant.com/studykids/assets/images/icon/12.svg]
[html.themewant.com/studykids/assets/images/icon/13.svg]
[html.themewant.com/studykids/assets/images/instructor/social-01.svg]
[html.themewant.com/studykids/assets/images/instructor/social-02.svg]
[html.themewant.com/studykids/assets/images/instructor/social-03.svg]
[html.themewant.com/studykids/assets/images/instructor/social-04.svg]
[html.themewant.com/studykids/assets/images/events/event-blink.svg]
[html.themewant.com/studykids/assets/images/brand/01.svg]
[html.themewant.com/studykids/assets/images/brand/02.svg]
[html.themewant.com/studykids/assets/images/brand/03.svg]
[html.themewant.com/studykids/assets/images/brand/04.svg]
[html.themewant.com/studykids/assets/images/brand/05.svg]
[html.themewant.com/studykids/assets/images/brand/06.svg]
[html.themewant.com/studykids/assets/images/banner/shape/13.svg]
[html.themewant.com/studykids/assets/images/banner/shape/14.svg]
[html.themewant.com/studykids/assets/images/banner/shape/15.svg]
[html.themewant.com/studykids/assets/images/icon/14.svg]
[html.themewant.com/studykids/assets/images/icon/15.svg]
[html.themewant.com/studykids/assets/images/banner/shape/16.svg]
[html.themewant.com/studykids/assets/images/banner/shape/17.svg]
[html.themewant.com/studykids/assets/images/banner/shape/18.svg]
[html.themewant.com/studykids/assets/images/icon/21.svg]
[html.themewant.com/studykids/assets/images/banner/shape/25.svg]
[html.themewant.com/studykids/assets/images/banner/shape/26.svg]
[html.themewant.com/studykids/assets/images/banner/shape/27.svg]
[html.themewant.com/studykids/assets/images/banner/shape/28.svg]
[html.themewant.com/studykids/assets/images/banner/shape/29.svg]
[html.themewant.com/studykids/assets/images/banner/shape/19.svg]
[html.themewant.com/studykids/assets/images/banner/shape/20.svg]
[html.themewant.com/studykids/assets/images/banner/shape/21.svg]
[html.themewant.com/studykids/assets/images/banner/shape/22.svg]
[html.themewant.com/studykids/assets/images/banner/blink-2.svg]
[html.themewant.com/studykids/assets/images/banner/flower.svg]
[html.themewant.com/studykids/assets/images/about/01.svg]
[html.themewant.com/studykids/assets/images/about/02.svg]
[html.themewant.com/studykids/assets/images/about/03.svg]
[html.themewant.com/studykids/assets/images/service/shape-01.svg]
[html.themewant.com/studykids/assets/images/service/shape-02.svg]
[html.themewant.com/studykids/assets/images/service/shape-03.svg]
[html.themewant.com/studykids/assets/images/service/shape-04.svg]
[html.themewant.com/studykids/assets/images/about/04.svg]
[html.themewant.com/studykids/assets/images/about/05.svg]
[html.themewant.com/studykids/assets/images/about/06.svg]
[html.themewant.com/studykids/assets/images/banner/shape/30.svg]
[html.themewant.com/studykids/assets/images/banner/shape/31.svg]
[html.themewant.com/studykids/assets/images/instructor/social-05.svg]
[html.themewant.com/studykids/assets/images/instructor/social-06.svg]
[html.themewant.com/studykids/assets/images/instructor/social-07.svg]
[html.themewant.com/studykids/assets/images/instructor/social-08.svg]
[html.themewant.com/studykids/course-two.html]
[html.themewant.com/studykids/become-instructor.html]
[html.themewant.com/studykids/call-to_1215224225.html]
[html.themewant.com/studykids/mail-to_studykids@info.html]
[html.themewant.com/studykids/Instructor.html]
[html.themewant.com/studykids/assets/images/icon/phone.svg]
[html.themewant.com/studykids/call-to_0123456789.html]
[html.themewant.com/studykids/assets/images/icon/mail.svg]
[html.themewant.com/studykids/mail-to_info@studyhub.html]
[html.themewant.com/studykids/Version/index.html]
[html.themewant.com/studykids/Version/index.html]
[html.themewant.com/studykids/unsupported value for Color.html]
